mode: set
github.com/jpeeler/podpresetbinding-crd/pkg/apis/podpreset/v1alpha1/podpresetbinding_types.go:59.13,61.2 1 1
github.com/jpeeler/podpresetbinding-crd/pkg/apis/podpreset/v1alpha1/zz_generated.deepcopy.go:26.65,33.2 6 1
github.com/jpeeler/podpresetbinding-crd/pkg/apis/podpreset/v1alpha1/zz_generated.deepcopy.go:36.58,37.15 1 1
github.com/jpeeler/podpresetbinding-crd/pkg/apis/podpreset/v1alpha1/zz_generated.deepcopy.go:40.2,42.12 3 1
github.com/jpeeler/podpresetbinding-crd/pkg/apis/podpreset/v1alpha1/zz_generated.deepcopy.go:37.15,39.3 1 0
github.com/jpeeler/podpresetbinding-crd/pkg/apis/podpreset/v1alpha1/zz_generated.deepcopy.go:46.61,47.34 1 0
github.com/jpeeler/podpresetbinding-crd/pkg/apis/podpreset/v1alpha1/zz_generated.deepcopy.go:50.2,50.12 1 0
github.com/jpeeler/podpresetbinding-crd/pkg/apis/podpreset/v1alpha1/zz_generated.deepcopy.go:47.34,49.3 1 0
github.com/jpeeler/podpresetbinding-crd/pkg/apis/podpreset/v1alpha1/zz_generated.deepcopy.go:54.73,58.21 4 0
github.com/jpeeler/podpresetbinding-crd/pkg/apis/podpreset/v1alpha1/zz_generated.deepcopy.go:65.2,65.8 1 0
github.com/jpeeler/podpresetbinding-crd/pkg/apis/podpreset/v1alpha1/zz_generated.deepcopy.go:58.21,61.22 3 0
github.com/jpeeler/podpresetbinding-crd/pkg/apis/podpreset/v1alpha1/zz_generated.deepcopy.go:61.22,63.4 1 0
github.com/jpeeler/podpresetbinding-crd/pkg/apis/podpreset/v1alpha1/zz_generated.deepcopy.go:69.66,70.15 1 0
github.com/jpeeler/podpresetbinding-crd/pkg/apis/podpreset/v1alpha1/zz_generated.deepcopy.go:73.2,75.12 3 0
github.com/jpeeler/podpresetbinding-crd/pkg/apis/podpreset/v1alpha1/zz_generated.deepcopy.go:70.15,72.3 1 0
github.com/jpeeler/podpresetbinding-crd/pkg/apis/podpreset/v1alpha1/zz_generated.deepcopy.go:79.65,80.34 1 0
github.com/jpeeler/podpresetbinding-crd/pkg/apis/podpreset/v1alpha1/zz_generated.deepcopy.go:83.2,83.12 1 0
github.com/jpeeler/podpresetbinding-crd/pkg/apis/podpreset/v1alpha1/zz_generated.deepcopy.go:80.34,82.3 1 0
github.com/jpeeler/podpresetbinding-crd/pkg/apis/podpreset/v1alpha1/zz_generated.deepcopy.go:87.73,90.2 2 0
github.com/jpeeler/podpresetbinding-crd/pkg/apis/podpreset/v1alpha1/zz_generated.deepcopy.go:93.66,94.15 1 0
github.com/jpeeler/podpresetbinding-crd/pkg/apis/podpreset/v1alpha1/zz_generated.deepcopy.go:97.2,99.12 3 0
github.com/jpeeler/podpresetbinding-crd/pkg/apis/podpreset/v1alpha1/zz_generated.deepcopy.go:94.15,96.3 1 0
github.com/jpeeler/podpresetbinding-crd/pkg/apis/podpreset/v1alpha1/zz_generated.deepcopy.go:103.77,106.2 2 0
github.com/jpeeler/podpresetbinding-crd/pkg/apis/podpreset/v1alpha1/zz_generated.deepcopy.go:109.70,110.15 1 0
github.com/jpeeler/podpresetbinding-crd/pkg/apis/podpreset/v1alpha1/zz_generated.deepcopy.go:113.2,115.12 3 0
github.com/jpeeler/podpresetbinding-crd/pkg/apis/podpreset/v1alpha1/zz_generated.deepcopy.go:110.15,112.3 1 0
github.com/jpeeler/podpresetbinding-crd/pkg/controller/podpresetbinding/podpresetbinding_controller.go:47.37,49.2 1 0
github.com/jpeeler/podpresetbinding-crd/pkg/controller/podpresetbinding/podpresetbinding_controller.go:52.62,54.2 1 1
github.com/jpeeler/podpresetbinding-crd/pkg/controller/podpresetbinding/podpresetbinding_controller.go:57.61,60.16 2 1
github.com/jpeeler/podpresetbinding-crd/pkg/controller/podpresetbinding/podpresetbinding_controller.go:65.2,66.16 2 1
github.com/jpeeler/podpresetbinding-crd/pkg/controller/podpresetbinding/podpresetbinding_controller.go:72.2,76.16 2 1
github.com/jpeeler/podpresetbinding-crd/pkg/controller/podpresetbinding/podpresetbinding_controller.go:80.2,80.12 1 1
github.com/jpeeler/podpresetbinding-crd/pkg/controller/podpresetbinding/podpresetbinding_controller.go:60.16,62.3 1 0
github.com/jpeeler/podpresetbinding-crd/pkg/controller/podpresetbinding/podpresetbinding_controller.go:66.16,68.3 1 0
github.com/jpeeler/podpresetbinding-crd/pkg/controller/podpresetbinding/podpresetbinding_controller.go:76.16,78.3 1 0
github.com/jpeeler/podpresetbinding-crd/pkg/controller/podpresetbinding/podpresetbinding_controller.go:98.100,102.16 3 1
github.com/jpeeler/podpresetbinding-crd/pkg/controller/podpresetbinding/podpresetbinding_controller.go:114.2,136.90 2 1
github.com/jpeeler/podpresetbinding-crd/pkg/controller/podpresetbinding/podpresetbinding_controller.go:142.2,144.42 3 1
github.com/jpeeler/podpresetbinding-crd/pkg/controller/podpresetbinding/podpresetbinding_controller.go:156.2,156.49 1 1
github.com/jpeeler/podpresetbinding-crd/pkg/controller/podpresetbinding/podpresetbinding_controller.go:164.2,164.32 1 0
github.com/jpeeler/podpresetbinding-crd/pkg/controller/podpresetbinding/podpresetbinding_controller.go:102.16,103.29 1 0
github.com/jpeeler/podpresetbinding-crd/pkg/controller/podpresetbinding/podpresetbinding_controller.go:109.3,109.33 1 0
github.com/jpeeler/podpresetbinding-crd/pkg/controller/podpresetbinding/podpresetbinding_controller.go:103.29,107.4 1 0
github.com/jpeeler/podpresetbinding-crd/pkg/controller/podpresetbinding/podpresetbinding_controller.go:136.90,138.3 1 0
github.com/jpeeler/podpresetbinding-crd/pkg/controller/podpresetbinding/podpresetbinding_controller.go:144.42,147.17 3 1
github.com/jpeeler/podpresetbinding-crd/pkg/controller/podpresetbinding/podpresetbinding_controller.go:147.17,149.4 1 0
github.com/jpeeler/podpresetbinding-crd/pkg/controller/podpresetbinding/podpresetbinding_controller.go:150.8,150.23 1 0
github.com/jpeeler/podpresetbinding-crd/pkg/controller/podpresetbinding/podpresetbinding_controller.go:150.23,152.3 1 0
github.com/jpeeler/podpresetbinding-crd/pkg/controller/podpresetbinding/podpresetbinding_controller.go:156.49,160.17 4 1
github.com/jpeeler/podpresetbinding-crd/pkg/controller/podpresetbinding/podpresetbinding_controller.go:160.17,162.4 1 1
